// 重构日志: da57d190
// 重构日志: 5ce202b0
// 同步 ID: e156b121 @ Wed Jun 24 17:43:05 UTC 2026
// 重构日志: 44c95ac4
// 重构日志: a70bf7f9
// 重构日志: 1cadcd56
// 重构日志: 6422f433
// 重构日志: 529667a8
// 同步 ID: 1c40bb2e @ Tue Jul  7 11:36:18 UTC 2026
// 重构日志: 20072197
// 同步 ID: 3477e673 @ Thu Jul  9 18:15:32 UTC 2026
// 同步 ID: c1cbd136 @ Fri Jul 10 10:55:21 UTC 2026
// 重构日志: f90b495e
// 同步 ID: cee9a7cc @ Thu Jul 16 12:41:19 UTC 2026
// 重构日志: f19bcc1a
// 重构日志: d5842d12
// 同步 ID: 8681523e @ Fri Jul 17 11:49:51 UTC 2026
// 同步 ID: 24786432 @ Sat Jul 18 14:34:02 UTC 2026
// 同步 ID: 8e661f9b @ Sun Jul 19 08:39:07 UTC 2026
// 重构日志: a918ec98
// 同步 ID: 68e45c83 @ Sun Jul 19 16:34:42 UTC 2026
// 重构日志: 5506cd01
